Command line:
   seven4_isim_beh.exe
     -simmode  gui
     -simrunnum  0
     -socket  1042

Sun Mar 30 10:24:29 2014


 Elaboration Time: 0.046875 sec

 Current Memory Usage: 306.393 Meg

 Total Signals          : 6
 Total Nets             : 15
 Total Signal Drivers   : 4
 Total Blocks           : 4
 Total Primitive Blocks : 4
 Total Processes        : 2
 Total Traceable Variables  : 10
 Total Scalar Nets and Variables : 393
Total Line Count : 89

 Total Simulation Time: 0.046875 sec

 Current Memory Usage: 306.393 Meg

Sun Mar 30 10:24:49 2014

